img-memcached-alpine-curl-v0,build_failed,memcached:alpine,curl
img-haproxy-alpine-curl-v0,build_failed,haproxy:alpine,curl
img-memcached-alpine-wget-v0,build_failed,memcached:alpine,wget
img-traefik-latest-wget-v0,build_failed,traefik:latest,wget
img-haproxy-alpine-wget-v0,build_failed,haproxy:alpine,wget
img-alpine-3.20-jq-v0,push_orig_failed,alpine:3.20,jq
img-memcached-alpine-jq-v0,build_failed,memcached:alpine,jq
img-haproxy-alpine-jq-v0,build_failed,haproxy:alpine,jq
img-memcached-alpine-bash-v0,build_failed,memcached:alpine,bash
img-haproxy-alpine-bash-v0,build_failed,haproxy:alpine,bash
img-memcached-alpine-git-v0,build_failed,memcached:alpine,git
img-haproxy-alpine-git-v0,build_failed,haproxy:alpine,git
img-memcached-alpine-openssh-client-v0,build_failed,memcached:alpine,openssh-client
img-haproxy-alpine-openssh-client-v0,build_failed,haproxy:alpine,openssh-client
img-memcached-alpine-ca-certificates-v0,build_failed,memcached:alpine,ca-certificates
img-haproxy-alpine-ca-certificates-v0,build_failed,haproxy:alpine,ca-certificates
img-memcached-alpine-openssl-v0,build_failed,memcached:alpine,openssl
img-haproxy-alpine-openssl-v0,build_failed,haproxy:alpine,openssl
img-node-20-alpine-netcat-openbsd-v0,push_orig_failed,node:20-alpine,netcat-openbsd
img-memcached-alpine-netcat-openbsd-v0,build_failed,memcached:alpine,netcat-openbsd
img-haproxy-alpine-netcat-openbsd-v0,build_failed,haproxy:alpine,netcat-openbsd
img-memcached-alpine-bind-tools-v0,build_failed,memcached:alpine,bind-tools
img-haproxy-alpine-bind-tools-v0,build_failed,haproxy:alpine,bind-tools
img-memcached-alpine-iputils-v0,build_failed,memcached:alpine,iputils
img-haproxy-alpine-iputils-v0,build_failed,haproxy:alpine,iputils
img-memcached-alpine-tcpdump-v0,build_failed,memcached:alpine,tcpdump
img-haproxy-alpine-tcpdump-v0,build_failed,haproxy:alpine,tcpdump
img-memcached-alpine-strace-v0,build_failed,memcached:alpine,strace
img-haproxy-alpine-strace-v0,build_failed,haproxy:alpine,strace
img-memcached-alpine-htop-v0,build_failed,memcached:alpine,htop
img-haproxy-alpine-htop-v0,build_failed,haproxy:alpine,htop
img-memcached-alpine-vim-v0,build_failed,memcached:alpine,vim
img-haproxy-alpine-vim-v0,build_failed,haproxy:alpine,vim
img-alpine-3.20-nano-v0,push_orig_failed,alpine:3.20,nano
img-memcached-alpine-nano-v0,build_failed,memcached:alpine,nano
img-haproxy-alpine-nano-v0,build_failed,haproxy:alpine,nano
img-memcached-alpine-less-v0,build_failed,memcached:alpine,less
img-haproxy-alpine-less-v0,build_failed,haproxy:alpine,less
img-memcached-alpine-tree-v0,build_failed,memcached:alpine,tree
img-haproxy-alpine-tree-v0,build_failed,haproxy:alpine,tree
img-memcached-alpine-file-v0,build_failed,memcached:alpine,file
img-haproxy-alpine-file-v0,build_failed,haproxy:alpine,file
img-memcached-alpine-gzip-v0,build_failed,memcached:alpine,gzip
img-haproxy-alpine-gzip-v0,build_failed,haproxy:alpine,gzip
img-ubuntu-22.04-unzip-v0,push_orig_failed,ubuntu:22.04,unzip
img-nginx-alpine-tar-v0,build_failed,nginx:alpine,tar
img-memcached-alpine-tar-v0,build_failed,memcached:alpine,tar
img-haproxy-alpine-tar-v0,build_failed,haproxy:alpine,tar
img-alpine-3.18-unzip-v0,push_orig_failed,alpine:3.18,unzip
img-busybox-latest-unzip-v0,push_orig_failed,busybox:latest,unzip
img-memcached-alpine-unzip-v0,build_failed,memcached:alpine,unzip
img-haproxy-alpine-unzip-v0,build_failed,haproxy:alpine,unzip
img-alpine-3.19-zip-v0,push_copy_failed,alpine:3.19,zip
img-ubuntu-24.04-make-v0,push_orig_failed,ubuntu:24.04,make
img-memcached-alpine-zip-v0,build_failed,memcached:alpine,zip
img-haproxy-alpine-zip-v0,build_failed,haproxy:alpine,zip
img-rust-alpine-make-v0,build_failed,rust:alpine,make
img-memcached-alpine-make-v0,build_failed,memcached:alpine,make
img-haproxy-alpine-make-v0,build_failed,haproxy:alpine,make
img-ubuntu-24.04-curl-v0,push_orig_failed,ubuntu:24.04,curl
img-memcached-alpine-gcc-v0,build_failed,memcached:alpine,gcc
img-traefik-latest-curl-v0,push_orig_failed,traefik:latest,curl
img-haproxy-alpine-gcc-v0,build_failed,haproxy:alpine,gcc
img-caddy-alpine-gcc-v0,build_failed,caddy:alpine,gcc
img-memcached-alpine-musl-dev-v0,build_failed,memcached:alpine,musl-dev
img-haproxy-alpine-musl-dev-v0,build_failed,haproxy:alpine,musl-dev
img-memcached-alpine-python3-v0,build_failed,memcached:alpine,python3
img-haproxy-alpine-python3-v0,build_failed,haproxy:alpine,python3
img-memcached-alpine-py3-pip-v0,build_failed,memcached:alpine,py3-pip
img-haproxy-alpine-py3-pip-v0,build_failed,haproxy:alpine,py3-pip
img-alpine-3.18-nodejs-v0,push_orig_failed,alpine:3.18,nodejs
img-memcached-alpine-nodejs-v0,build_failed,memcached:alpine,nodejs
img-haproxy-alpine-nodejs-v0,build_failed,haproxy:alpine,nodejs
img-memcached-alpine-npm-v0,build_failed,memcached:alpine,npm
img-haproxy-alpine-npm-v0,build_failed,haproxy:alpine,npm
img-memcached-alpine-curl-v0,build_failed,memcached:alpine,curl
img-haproxy-alpine-curl-v0,build_failed,haproxy:alpine,curl
img-memcached-alpine-wget-v0,build_failed,memcached:alpine,wget
img-haproxy-alpine-wget-v0,build_failed,haproxy:alpine,wget
img-python-3.11-alpine-jq-v0,push_copy_failed,python:3.11-alpine,jq
img-memcached-alpine-jq-v0,build_failed,memcached:alpine,jq
img-haproxy-alpine-jq-v0,build_failed,haproxy:alpine,jq
img-memcached-alpine-bash-v0,build_failed,memcached:alpine,bash
img-haproxy-alpine-bash-v0,build_failed,haproxy:alpine,bash
img-busybox-glibc-git-v0,push_orig_failed,busybox:glibc,git
img-debian-bullseye-slim-openssh-client-v0,push_orig_failed,debian:bullseye-slim,openssh-client
img-python-3.12-alpine-git-v0,build_failed,python:3.12-alpine,git
img-golang-1.21-alpine-git-v0,build_failed,golang:1.21-alpine,git
img-memcached-alpine-git-v0,build_failed,memcached:alpine,git
img-haproxy-alpine-git-v0,build_failed,haproxy:alpine,git
img-memcached-alpine-openssh-client-v0,build_failed,memcached:alpine,openssh-client
img-haproxy-alpine-openssh-client-v0,build_failed,haproxy:alpine,openssh-client
img-python-3.12-alpine-ca-certificates-v0,build_failed,python:3.12-alpine,ca-certificates
img-memcached-alpine-ca-certificates-v0,build_failed,memcached:alpine,ca-certificates
img-haproxy-alpine-ca-certificates-v0,build_failed,haproxy:alpine,ca-certificates
img-golang-1.22-alpine-openssl-v0,push_orig_failed,golang:1.22-alpine,openssl
img-memcached-alpine-openssl-v0,build_failed,memcached:alpine,openssl
img-haproxy-alpine-openssl-v0,build_failed,haproxy:alpine,openssl
img-alpine-3.18-netcat-openbsd-v0,build_failed,alpine:3.18,netcat-openbsd
img-memcached-alpine-netcat-openbsd-v0,build_failed,memcached:alpine,netcat-openbsd
img-traefik-latest-dnsutils-v0,build_failed,traefik:latest,dnsutils
img-haproxy-alpine-netcat-openbsd-v0,build_failed,haproxy:alpine,netcat-openbsd
img-alpine-3.20-bind-tools-v0,push_copy_failed,alpine:3.20,bind-tools
img-python-3.11-alpine-bind-tools-v0,push_orig_failed,python:3.11-alpine,bind-tools
img-golang-1.21-alpine-bind-tools-v0,push_orig_failed,golang:1.21-alpine,bind-tools
img-memcached-alpine-bind-tools-v0,build_failed,memcached:alpine,bind-tools
img-haproxy-alpine-bind-tools-v0,build_failed,haproxy:alpine,bind-tools
img-debian-bookworm-slim-tcpdump-v0,build_failed,debian:bookworm-slim,tcpdump
img-ubuntu-24.04-tcpdump-v0,push_copy_failed,ubuntu:24.04,tcpdump
img-memcached-alpine-iputils-v0,build_failed,memcached:alpine,iputils
img-haproxy-alpine-iputils-v0,build_failed,haproxy:alpine,iputils
img-alpine-3.18-tcpdump-v0,build_failed,alpine:3.18,tcpdump
img-busybox-latest-tcpdump-v0,push_orig_failed,busybox:latest,tcpdump
img-memcached-alpine-tcpdump-v0,build_failed,memcached:alpine,tcpdump
img-haproxy-alpine-tcpdump-v0,build_failed,haproxy:alpine,tcpdump
img-memcached-alpine-strace-v0,build_failed,memcached:alpine,strace
img-haproxy-alpine-strace-v0,build_failed,haproxy:alpine,strace
img-memcached-alpine-htop-v0,build_failed,memcached:alpine,htop
img-haproxy-alpine-htop-v0,build_failed,haproxy:alpine,htop
img-memcached-alpine-vim-v0,build_failed,memcached:alpine,vim
img-haproxy-alpine-vim-v0,build_failed,haproxy:alpine,vim
img-redis-alpine-nano-v0,build_failed,redis:alpine,nano
img-memcached-alpine-nano-v0,build_failed,memcached:alpine,nano
img-haproxy-alpine-nano-v0,build_failed,haproxy:alpine,nano
img-memcached-alpine-less-v0,build_failed,memcached:alpine,less
img-haproxy-alpine-less-v0,build_failed,haproxy:alpine,less
img-caddy-alpine-less-v0,build_failed,caddy:alpine,less
img-rust-alpine-tree-v0,push_copy_failed,rust:alpine,tree
img-memcached-alpine-tree-v0,build_failed,memcached:alpine,tree
img-haproxy-alpine-tree-v0,build_failed,haproxy:alpine,tree
img-memcached-alpine-file-v0,build_failed,memcached:alpine,file
img-haproxy-alpine-file-v0,build_failed,haproxy:alpine,file
img-debian-bullseye-slim-tar-v0,push_orig_failed,debian:bullseye-slim,tar
img-memcached-alpine-gzip-v0,build_failed,memcached:alpine,gzip
img-haproxy-alpine-gzip-v0,build_failed,haproxy:alpine,gzip
img-caddy-alpine-gzip-v0,build_failed,caddy:alpine,gzip
img-memcached-alpine-tar-v0,build_failed,memcached:alpine,tar
img-haproxy-alpine-tar-v0,build_failed,haproxy:alpine,tar
img-debian-bookworm-slim-zip-v0,push_orig_failed,debian:bookworm-slim,zip
img-memcached-alpine-unzip-v0,build_failed,memcached:alpine,unzip
img-haproxy-alpine-unzip-v0,build_failed,haproxy:alpine,unzip
img-ubuntu-24.04-git-v1,push_orig_failed,ubuntu:24.04,git
img-python-3.10-alpine-bash-v1,push_orig_failed,python:3.10-alpine,bash
img-ruby-3.2-alpine-bash-v1,build_failed,ruby:3.2-alpine,bash
img-rust-alpine-bash-v1,push_orig_failed,rust:alpine,bash
img-memcached-alpine-bash-v1,build_failed,memcached:alpine,bash
img-haproxy-alpine-bash-v1,build_failed,haproxy:alpine,bash
img-memcached-alpine-git-v1,build_failed,memcached:alpine,git
img-haproxy-alpine-git-v1,build_failed,haproxy:alpine,git
img-memcached-alpine-openssh-client-v1,build_failed,memcached:alpine,openssh-client
img-haproxy-alpine-openssh-client-v1,build_failed,haproxy:alpine,openssh-client
img-debian-bookworm-slim-openssl-v1,push_copy_failed,debian:bookworm-slim,openssl
img-python-3.12-alpine-ca-certificates-v1,build_failed,python:3.12-alpine,ca-certificates
img-node-20-alpine-ca-certificates-v1,build_failed,node:20-alpine,ca-certificates
img-node-22-alpine-ca-certificates-v1,push_orig_failed,node:22-alpine,ca-certificates
img-ruby-3.2-alpine-ca-certificates-v1,push_copy_failed,ruby:3.2-alpine,ca-certificates
img-ruby-3.3-alpine-ca-certificates-v1,push_orig_failed,ruby:3.3-alpine,ca-certificates
img-rust-alpine-ca-certificates-v1,push_copy_failed,rust:alpine,ca-certificates
img-memcached-alpine-ca-certificates-v1,build_failed,memcached:alpine,ca-certificates
img-haproxy-alpine-ca-certificates-v1,build_failed,haproxy:alpine,ca-certificates
img-busybox-latest-openssl-v1,build_failed,busybox:latest,openssl
img-golang-1.22-alpine-openssl-v1,build_failed,golang:1.22-alpine,openssl
img-node-20-alpine-openssl-v1,build_failed,node:20-alpine,openssl
img-node-22-alpine-openssl-v1,build_failed,node:22-alpine,openssl
img-memcached-alpine-openssl-v1,build_failed,memcached:alpine,openssl
img-haproxy-alpine-openssl-v1,build_failed,haproxy:alpine,openssl
img-caddy-alpine-openssl-v1,push_copy_failed,caddy:alpine,openssl
img-ubuntu-22.04-dnsutils-v1,build_failed,ubuntu:22.04,dnsutils
img-memcached-alpine-netcat-openbsd-v1,build_failed,memcached:alpine,netcat-openbsd
img-haproxy-alpine-netcat-openbsd-v1,build_failed,haproxy:alpine,netcat-openbsd
img-node-20-alpine-bind-tools-v1,push_copy_failed,node:20-alpine,bind-tools
img-ruby-3.2-alpine-bind-tools-v1,build_failed,ruby:3.2-alpine,bind-tools
img-nginx-alpine-bind-tools-v1,push_orig_failed,nginx:alpine,bind-tools
img-memcached-alpine-bind-tools-v1,build_failed,memcached:alpine,bind-tools
img-traefik-latest-iputils-ping-v1,push_orig_failed,traefik:latest,iputils-ping
img-haproxy-alpine-bind-tools-v1,build_failed,haproxy:alpine,bind-tools
img-debian-bullseye-slim-tcpdump-v1,build_failed,debian:bullseye-slim,tcpdump
img-memcached-alpine-iputils-v1,build_failed,memcached:alpine,iputils
img-haproxy-alpine-iputils-v1,build_failed,haproxy:alpine,iputils
img-memcached-alpine-tcpdump-v1,build_failed,memcached:alpine,tcpdump
img-haproxy-alpine-tcpdump-v1,build_failed,haproxy:alpine,tcpdump
img-httpd-alpine-tcpdump-v1,push_copy_failed,httpd:alpine,tcpdump
img-caddy-alpine-tcpdump-v1,push_orig_failed,caddy:alpine,tcpdump
img-memcached-alpine-strace-v1,build_failed,memcached:alpine,strace
img-haproxy-alpine-strace-v1,build_failed,haproxy:alpine,strace
img-busybox-latest-htop-v1,push_copy_failed,busybox:latest,htop
img-debian-bookworm-slim-vim-v1,build_failed,debian:bookworm-slim,vim
img-debian-bullseye-slim-vim-v1,build_failed,debian:bullseye-slim,vim
img-python-3.11-alpine-htop-v1,push_copy_failed,python:3.11-alpine,htop
img-node-22-alpine-htop-v1,build_failed,node:22-alpine,htop
img-memcached-alpine-htop-v1,build_failed,memcached:alpine,htop
img-haproxy-alpine-htop-v1,build_failed,haproxy:alpine,htop
img-python-3.10-alpine-vim-v1,push_copy_failed,python:3.10-alpine,vim
img-python-3.12-alpine-vim-v1,push_copy_failed,python:3.12-alpine,vim
img-golang-1.21-alpine-vim-v1,push_copy_failed,golang:1.21-alpine,vim
img-ruby-3.2-alpine-vim-v1,push_orig_failed,ruby:3.2-alpine,vim
img-redis-alpine-vim-v1,push_orig_failed,redis:alpine,vim
img-memcached-alpine-vim-v1,build_failed,memcached:alpine,vim
img-haproxy-alpine-vim-v1,build_failed,haproxy:alpine,vim
img-httpd-alpine-vim-v1,build_failed,httpd:alpine,vim
img-busybox-glibc-nano-v1,push_orig_failed,busybox:glibc,nano
img-memcached-alpine-nano-v1,build_failed,memcached:alpine,nano
img-haproxy-alpine-nano-v1,build_failed,haproxy:alpine,nano
img-alpine-3.20-less-v1,build_failed,alpine:3.20,less
img-ubuntu-24.04-tree-v1,push_copy_failed,ubuntu:24.04,tree
img-python-3.11-alpine-less-v1,build_failed,python:3.11-alpine,less
img-nginx-alpine-less-v1,push_orig_failed,nginx:alpine,less
img-memcached-alpine-less-v1,build_failed,memcached:alpine,less
img-haproxy-alpine-less-v1,build_failed,haproxy:alpine,less
img-debian-bookworm-slim-file-v1,build_failed,debian:bookworm-slim,file
img-python-3.10-alpine-tree-v1,push_orig_failed,python:3.10-alpine,tree
img-memcached-alpine-tree-v1,build_failed,memcached:alpine,tree
img-haproxy-alpine-tree-v1,build_failed,haproxy:alpine,tree
img-alpine-3.18-file-v1,push_orig_failed,alpine:3.18,file
img-rust-alpine-file-v1,push_orig_failed,rust:alpine,file
img-memcached-alpine-file-v1,build_failed,memcached:alpine,file
img-haproxy-alpine-file-v1,build_failed,haproxy:alpine,file
img-memcached-alpine-gzip-v1,build_failed,memcached:alpine,gzip
img-haproxy-alpine-gzip-v1,build_failed,haproxy:alpine,gzip
img-caddy-alpine-gzip-v1,push_orig_failed,caddy:alpine,gzip
img-python-3.12-alpine-tar-v1,push_copy_failed,python:3.12-alpine,tar
img-golang-1.21-alpine-tar-v1,push_orig_failed,golang:1.21-alpine,tar
img-golang-1.22-alpine-tar-v1,push_copy_failed,golang:1.22-alpine,tar
img-postgres-alpine-tar-v1,push_copy_failed,postgres:alpine,tar
img-memcached-alpine-tar-v1,build_failed,memcached:alpine,tar
img-haproxy-alpine-tar-v1,build_failed,haproxy:alpine,tar
img-memcached-alpine-unzip-v1,build_failed,memcached:alpine,unzip
img-haproxy-alpine-unzip-v1,build_failed,haproxy:alpine,unzip
img-golang-1.22-alpine-zip-v1,push_copy_failed,golang:1.22-alpine,zip
img-ruby-3.3-alpine-zip-v1,push_copy_failed,ruby:3.3-alpine,zip
img-rust-alpine-zip-v1,push_copy_failed,rust:alpine,zip
img-nginx-alpine-zip-v1,push_orig_failed,nginx:alpine,zip
img-postgres-alpine-zip-v1,push_copy_failed,postgres:alpine,zip
img-memcached-alpine-zip-v1,build_failed,memcached:alpine,zip
img-haproxy-alpine-zip-v1,build_failed,haproxy:alpine,zip
img-alpine-latest-make-v1,push_orig_failed,alpine:latest,make
img-debian-bookworm-slim-gcc-v1,push_copy_failed,debian:bookworm-slim,gcc
img-redis-alpine-make-v1,build_failed,redis:alpine,make
img-nginx-alpine-make-v1,push_orig_failed,nginx:alpine,make
img-memcached-alpine-make-v1,build_failed,memcached:alpine,make
img-haproxy-alpine-make-v1,build_failed,haproxy:alpine,make
img-busybox-1.36-gcc-v1,push_orig_failed,busybox:1.36,gcc
img-busybox-latest-gcc-v1,push_orig_failed,busybox:latest,gcc
img-debian-bookworm-slim-curl-v1,push_orig_failed,debian:bookworm-slim,curl
img-golang-1.22-alpine-gcc-v1,build_failed,golang:1.22-alpine,gcc
img-redis-alpine-gcc-v1,push_orig_failed,redis:alpine,gcc
img-memcached-alpine-gcc-v1,build_failed,memcached:alpine,gcc
img-haproxy-alpine-gcc-v1,build_failed,haproxy:alpine,gcc
img-httpd-alpine-gcc-v1,push_orig_failed,httpd:alpine,gcc
img-alpine-3.19-musl-dev-v1,build_failed,alpine:3.19,musl-dev
img-alpine-3.20-musl-dev-v1,push_copy_failed,alpine:3.20,musl-dev
img-alpine-latest-musl-dev-v1,build_failed,alpine:latest,musl-dev
img-ruby-3.3-alpine-musl-dev-v1,push_copy_failed,ruby:3.3-alpine,musl-dev
img-memcached-alpine-musl-dev-v1,build_failed,memcached:alpine,musl-dev
img-haproxy-alpine-musl-dev-v1,build_failed,haproxy:alpine,musl-dev
img-busybox-glibc-python3-v1,push_orig_failed,busybox:glibc,python3
img-golang-1.21-alpine-python3-v1,push_orig_failed,golang:1.21-alpine,python3
img-ruby-3.3-alpine-python3-v1,push_copy_failed,ruby:3.3-alpine,python3
img-memcached-alpine-python3-v1,build_failed,memcached:alpine,python3
img-haproxy-alpine-python3-v1,build_failed,haproxy:alpine,python3
img-caddy-alpine-python3-v1,push_orig_failed,caddy:alpine,python3
img-alpine-3.18-py3-pip-v1,push_orig_failed,alpine:3.18,py3-pip
img-busybox-latest-py3-pip-v1,push_copy_failed,busybox:latest,py3-pip
img-ubuntu-22.04-git-v1,push_orig_failed,ubuntu:22.04,git
img-golang-1.22-alpine-py3-pip-v1,push_orig_failed,golang:1.22-alpine,py3-pip
img-postgres-alpine-py3-pip-v1,build_failed,postgres:alpine,py3-pip
img-memcached-alpine-py3-pip-v1,build_failed,memcached:alpine,py3-pip
img-haproxy-alpine-py3-pip-v1,build_failed,haproxy:alpine,py3-pip
img-alpine-3.18-nodejs-v1,push_orig_failed,alpine:3.18,nodejs
img-alpine-3.19-nodejs-v1,push_orig_failed,alpine:3.19,nodejs
img-busybox-latest-nodejs-v1,push_copy_failed,busybox:latest,nodejs
img-ubuntu-22.04-openssh-client-v1,push_orig_failed,ubuntu:22.04,openssh-client
img-ubuntu-24.04-openssh-client-v1,push_orig_failed,ubuntu:24.04,openssh-client
img-node-20-alpine-nodejs-v1,push_orig_failed,node:20-alpine,nodejs
img-node-22-alpine-nodejs-v1,push_copy_failed,node:22-alpine,nodejs
img-ruby-3.2-alpine-nodejs-v1,push_copy_failed,ruby:3.2-alpine,nodejs
img-memcached-alpine-nodejs-v1,build_failed,memcached:alpine,nodejs
img-haproxy-alpine-nodejs-v1,build_failed,haproxy:alpine,nodejs
img-caddy-alpine-nodejs-v1,build_failed,caddy:alpine,nodejs
img-alpine-3.18-npm-v1,push_copy_failed,alpine:3.18,npm
img-debian-bookworm-slim-ca-certificates-v1,push_copy_failed,debian:bookworm-slim,ca-certificates
img-debian-bullseye-slim-ca-certificates-v1,push_copy_failed,debian:bullseye-slim,ca-certificates
img-ubuntu-22.04-ca-certificates-v1,push_orig_failed,ubuntu:22.04,ca-certificates
img-ubuntu-24.04-ca-certificates-v1,push_copy_failed,ubuntu:24.04,ca-certificates
img-python-3.11-alpine-npm-v1,build_failed,python:3.11-alpine,npm
img-golang-1.22-alpine-npm-v1,build_failed,golang:1.22-alpine,npm
img-redis-alpine-npm-v1,push_copy_failed,redis:alpine,npm
img-nginx-alpine-npm-v1,push_orig_failed,nginx:alpine,npm
img-memcached-alpine-npm-v1,build_failed,memcached:alpine,npm
img-haproxy-alpine-npm-v1,build_failed,haproxy:alpine,npm
img-httpd-alpine-npm-v1,build_failed,httpd:alpine,npm
img-caddy-alpine-npm-v1,push_orig_failed,caddy:alpine,npm
img-alpine-3.18-curl-v2,push_orig_failed,alpine:3.18,curl
img-alpine-latest-curl-v2,push_orig_failed,alpine:latest,curl
img-golang-1.21-alpine-curl-v2,push_orig_failed,golang:1.21-alpine,curl
img-golang-1.22-alpine-curl-v2,push_copy_failed,golang:1.22-alpine,curl
img-node-20-alpine-curl-v2,push_orig_failed,node:20-alpine,curl
img-ruby-3.2-alpine-curl-v2,push_copy_failed,ruby:3.2-alpine,curl
img-memcached-alpine-curl-v2,build_failed,memcached:alpine,curl
img-haproxy-alpine-curl-v2,build_failed,haproxy:alpine,curl
img-alpine-3.19-wget-v2,push_copy_failed,alpine:3.19,wget
img-debian-bookworm-slim-wget-v2,build_failed,debian:bookworm-slim,wget
img-ubuntu-22.04-wget-v2,push_copy_failed,ubuntu:22.04,wget
img-ubuntu-24.04-wget-v2,push_orig_failed,ubuntu:24.04,wget
img-memcached-alpine-wget-v2,build_failed,memcached:alpine,wget
img-traefik-latest-wget-v2,build_failed,traefik:latest,wget
img-haproxy-alpine-wget-v2,build_failed,haproxy:alpine,wget
img-alpine-3.18-jq-v2,push_copy_failed,alpine:3.18,jq
img-busybox-glibc-jq-v2,push_orig_failed,busybox:glibc,jq
img-debian-bookworm-slim-jq-v2,push_copy_failed,debian:bookworm-slim,jq
img-ubuntu-22.04-jq-v2,push_orig_failed,ubuntu:22.04,jq
img-memcached-alpine-jq-v2,build_failed,memcached:alpine,jq
img-haproxy-alpine-jq-v2,build_failed,haproxy:alpine,jq
img-alpine-3.20-bash-v2,push_orig_failed,alpine:3.20,bash
img-rust-alpine-bash-v2,push_copy_failed,rust:alpine,bash
img-nginx-alpine-bash-v2,build_failed,nginx:alpine,bash
img-memcached-alpine-bash-v2,build_failed,memcached:alpine,bash
img-haproxy-alpine-bash-v2,build_failed,haproxy:alpine,bash
img-busybox-musl-git-v2,build_failed,busybox:musl,git
img-busybox-glibc-git-v2,push_orig_failed,busybox:glibc,git
img-debian-bookworm-slim-openssh-client-v2,push_orig_failed,debian:bookworm-slim,openssh-client
img-node-20-alpine-git-v2,push_copy_failed,node:20-alpine,git
img-memcached-alpine-git-v2,build_failed,memcached:alpine,git
img-haproxy-alpine-git-v2,build_failed,haproxy:alpine,git
img-caddy-alpine-git-v2,push_copy_failed,caddy:alpine,git
img-memcached-alpine-openssh-client-v2,build_failed,memcached:alpine,openssh-client
img-haproxy-alpine-openssh-client-v2,build_failed,haproxy:alpine,openssh-client
img-busybox-glibc-ca-certificates-v2,push_copy_failed,busybox:glibc,ca-certificates
img-python-3.10-alpine-ca-certificates-v2,push_orig_failed,python:3.10-alpine,ca-certificates
img-python-3.12-alpine-ca-certificates-v2,build_failed,python:3.12-alpine,ca-certificates
img-golang-1.21-alpine-ca-certificates-v2,push_orig_failed,golang:1.21-alpine,ca-certificates
img-memcached-alpine-ca-certificates-v2,build_failed,memcached:alpine,ca-certificates
img-haproxy-alpine-ca-certificates-v2,build_failed,haproxy:alpine,ca-certificates
img-httpd-alpine-ca-certificates-v2,push_orig_failed,httpd:alpine,ca-certificates
img-alpine-3.18-openssl-v2,push_copy_failed,alpine:3.18,openssl
img-alpine-3.20-openssl-v2,push_orig_failed,alpine:3.20,openssl
img-busybox-glibc-openssl-v2,build_failed,busybox:glibc,openssl
img-ubuntu-22.04-netcat-openbsd-v2,push_orig_failed,ubuntu:22.04,netcat-openbsd
img-python-3.12-alpine-openssl-v2,push_orig_failed,python:3.12-alpine,openssl
img-golang-1.21-alpine-openssl-v2,build_failed,golang:1.21-alpine,openssl
img-golang-1.22-alpine-openssl-v2,push_orig_failed,golang:1.22-alpine,openssl
img-node-20-alpine-openssl-v2,push_orig_failed,node:20-alpine,openssl
img-ruby-3.3-alpine-openssl-v2,push_copy_failed,ruby:3.3-alpine,openssl
img-redis-alpine-openssl-v2,push_orig_failed,redis:alpine,openssl
img-postgres-alpine-openssl-v2,push_orig_failed,postgres:alpine,openssl
img-memcached-alpine-openssl-v2,build_failed,memcached:alpine,openssl
img-haproxy-alpine-openssl-v2,build_failed,haproxy:alpine,openssl
img-busybox-latest-netcat-openbsd-v2,build_failed,busybox:latest,netcat-openbsd
img-debian-bookworm-slim-dnsutils-v2,build_failed,debian:bookworm-slim,dnsutils
img-ubuntu-22.04-dnsutils-v2,push_orig_failed,ubuntu:22.04,dnsutils
img-ubuntu-24.04-dnsutils-v2,push_orig_failed,ubuntu:24.04,dnsutils
img-ruby-3.2-alpine-netcat-openbsd-v2,build_failed,ruby:3.2-alpine,netcat-openbsd
img-redis-alpine-netcat-openbsd-v2,build_failed,redis:alpine,netcat-openbsd
img-memcached-alpine-netcat-openbsd-v2,build_failed,memcached:alpine,netcat-openbsd
img-haproxy-alpine-netcat-openbsd-v2,build_failed,haproxy:alpine,netcat-openbsd
img-busybox-musl-bind-tools-v2,push_copy_failed,busybox:musl,bind-tools
img-busybox-glibc-bind-tools-v2,push_copy_failed,busybox:glibc,bind-tools
img-python-3.10-alpine-bind-tools-v2,build_failed,python:3.10-alpine,bind-tools
img-nginx-alpine-bind-tools-v2,push_orig_failed,nginx:alpine,bind-tools
img-memcached-alpine-bind-tools-v2,build_failed,memcached:alpine,bind-tools
img-haproxy-alpine-bind-tools-v2,build_failed,haproxy:alpine,bind-tools
img-alpine-3.18-iputils-v2,push_orig_failed,alpine:3.18,iputils
img-memcached-alpine-iputils-v2,build_failed,memcached:alpine,iputils
img-haproxy-alpine-iputils-v2,build_failed,haproxy:alpine,iputils
img-alpine-3.20-tcpdump-v2,push_orig_failed,alpine:3.20,tcpdump
img-busybox-musl-tcpdump-v2,push_orig_failed,busybox:musl,tcpdump
img-postgres-alpine-tcpdump-v2,push_orig_failed,postgres:alpine,tcpdump
img-memcached-alpine-tcpdump-v2,build_failed,memcached:alpine,tcpdump
img-haproxy-alpine-tcpdump-v2,build_failed,haproxy:alpine,tcpdump
img-python-3.12-alpine-strace-v2,build_failed,python:3.12-alpine,strace
img-ruby-3.2-alpine-strace-v2,push_copy_failed,ruby:3.2-alpine,strace
img-memcached-alpine-strace-v2,build_failed,memcached:alpine,strace
img-haproxy-alpine-strace-v2,build_failed,haproxy:alpine,strace
img-httpd-alpine-strace-v2,push_copy_failed,httpd:alpine,strace
img-debian-bullseye-slim-vim-v2,push_copy_failed,debian:bullseye-slim,vim
img-memcached-alpine-htop-v2,build_failed,memcached:alpine,htop
img-haproxy-alpine-htop-v2,build_failed,haproxy:alpine,htop
img-golang-1.22-alpine-vim-v2,build_failed,golang:1.22-alpine,vim
img-redis-alpine-vim-v2,build_failed,redis:alpine,vim
img-memcached-alpine-vim-v2,build_failed,memcached:alpine,vim
img-haproxy-alpine-vim-v2,build_failed,haproxy:alpine,vim
img-alpine-3.18-nano-v2,build_failed,alpine:3.18,nano
img-alpine-3.19-nano-v2,build_failed,alpine:3.19,nano
img-golang-1.21-alpine-nano-v2,push_copy_failed,golang:1.21-alpine,nano
img-rust-alpine-nano-v2,build_failed,rust:alpine,nano
img-memcached-alpine-nano-v2,build_failed,memcached:alpine,nano
img-haproxy-alpine-nano-v2,build_failed,haproxy:alpine,nano
img-alpine-3.19-less-v2,build_failed,alpine:3.19,less
img-memcached-alpine-less-v2,build_failed,memcached:alpine,less
img-traefik-latest-tree-v2,push_copy_failed,traefik:latest,tree
img-haproxy-alpine-less-v2,build_failed,haproxy:alpine,less
img-debian-bookworm-slim-file-v2,build_failed,debian:bookworm-slim,file
img-debian-bullseye-slim-file-v2,push_orig_failed,debian:bullseye-slim,file
img-python-3.12-alpine-tree-v2,push_orig_failed,python:3.12-alpine,tree
img-postgres-alpine-tree-v2,push_orig_failed,postgres:alpine,tree
img-memcached-alpine-tree-v2,build_failed,memcached:alpine,tree
img-haproxy-alpine-tree-v2,build_failed,haproxy:alpine,tree
img-python-3.12-alpine-file-v2,push_copy_failed,python:3.12-alpine,file
img-redis-alpine-file-v2,push_orig_failed,redis:alpine,file
img-memcached-alpine-file-v2,build_failed,memcached:alpine,file
img-haproxy-alpine-file-v2,build_failed,haproxy:alpine,file
img-caddy-alpine-file-v2,push_orig_failed,caddy:alpine,file
img-busybox-latest-gzip-v2,build_failed,busybox:latest,gzip
img-debian-bookworm-slim-tar-v2,build_failed,debian:bookworm-slim,tar
img-python-3.11-alpine-gzip-v2,build_failed,python:3.11-alpine,gzip
img-python-3.12-alpine-gzip-v2,build_failed,python:3.12-alpine,gzip
img-redis-alpine-gzip-v2,push_orig_failed,redis:alpine,gzip
img-memcached-alpine-gzip-v2,build_failed,memcached:alpine,gzip
img-haproxy-alpine-gzip-v2,build_failed,haproxy:alpine,gzip
img-node-22-alpine-tar-v2,push_orig_failed,node:22-alpine,tar
img-memcached-alpine-tar-v2,build_failed,memcached:alpine,tar
img-haproxy-alpine-tar-v2,build_failed,haproxy:alpine,tar
img-alpine-latest-unzip-v2,push_copy_failed,alpine:latest,unzip
img-debian-bookworm-slim-zip-v2,push_orig_failed,debian:bookworm-slim,zip
img-node-20-alpine-unzip-v2,build_failed,node:20-alpine,unzip
img-memcached-alpine-unzip-v2,build_failed,memcached:alpine,unzip
img-haproxy-alpine-unzip-v2,build_failed,haproxy:alpine,unzip
img-alpine-3.19-zip-v2,push_orig_failed,alpine:3.19,zip
img-node-22-alpine-zip-v2,push_orig_failed,node:22-alpine,zip
img-ruby-3.2-alpine-zip-v2,push_orig_failed,ruby:3.2-alpine,zip
img-nginx-alpine-zip-v2,push_orig_failed,nginx:alpine,zip
img-memcached-alpine-zip-v2,build_failed,memcached:alpine,zip
img-traefik-latest-make-v2,push_orig_failed,traefik:latest,make
img-haproxy-alpine-zip-v2,build_failed,haproxy:alpine,zip
img-httpd-alpine-zip-v2,push_orig_failed,httpd:alpine,zip
img-alpine-3.18-make-v2,push_copy_failed,alpine:3.18,make
img-alpine-3.19-make-v2,push_orig_failed,alpine:3.19,make
img-ubuntu-22.04-gcc-v2,push_orig_failed,ubuntu:22.04,gcc
img-python-3.10-alpine-make-v2,push_copy_failed,python:3.10-alpine,make
img-golang-1.21-alpine-make-v2,push_orig_failed,golang:1.21-alpine,make
img-golang-1.22-alpine-make-v2,push_orig_failed,golang:1.22-alpine,make
img-node-20-alpine-make-v2,push_orig_failed,node:20-alpine,make
img-memcached-alpine-make-v2,build_failed,memcached:alpine,make
img-haproxy-alpine-make-v2,build_failed,haproxy:alpine,make
img-python-3.12-alpine-gcc-v2,push_orig_failed,python:3.12-alpine,gcc
img-node-22-alpine-gcc-v2,push_orig_failed,node:22-alpine,gcc
img-memcached-alpine-gcc-v2,build_failed,memcached:alpine,gcc
img-traefik-latest-curl-v2,push_orig_failed,traefik:latest,curl
img-haproxy-alpine-gcc-v2,build_failed,haproxy:alpine,gcc
img-memcached-alpine-bash-v3,build_failed,memcached:alpine,bash
img-haproxy-alpine-bash-v3,build_failed,haproxy:alpine,bash
img-debian-bullseye-slim-openssh-client-v3,build_failed,debian:bullseye-slim,openssh-client
img-ubuntu-22.04-openssh-client-v3,build_failed,ubuntu:22.04,openssh-client
img-golang-1.21-alpine-git-v3,build_failed,golang:1.21-alpine,git
img-ruby-3.2-alpine-git-v3,build_failed,ruby:3.2-alpine,git
img-redis-alpine-git-v3,build_failed,redis:alpine,git
img-memcached-alpine-git-v3,build_failed,memcached:alpine,git
img-haproxy-alpine-git-v3,build_failed,haproxy:alpine,git
img-httpd-alpine-git-v3,push_copy_failed,httpd:alpine,git
img-caddy-alpine-git-v3,build_failed,caddy:alpine,git
img-alpine-latest-openssh-client-v3,build_failed,alpine:latest,openssh-client
img-busybox-latest-openssh-client-v3,push_orig_failed,busybox:latest,openssh-client
img-busybox-glibc-openssh-client-v3,push_orig_failed,busybox:glibc,openssh-client
img-debian-bullseye-slim-ca-certificates-v3,build_timeout,debian:bullseye-slim,ca-certificates
img-ubuntu-22.04-ca-certificates-v3,build_failed,ubuntu:22.04,ca-certificates
img-ubuntu-24.04-ca-certificates-v3,build_failed,ubuntu:24.04,ca-certificates
img-golang-1.21-alpine-openssh-client-v3,build_failed,golang:1.21-alpine,openssh-client
img-golang-1.22-alpine-openssh-client-v3,build_failed,golang:1.22-alpine,openssh-client
img-ruby-3.2-alpine-openssh-client-v3,push_copy_failed,ruby:3.2-alpine,openssh-client
img-ruby-3.3-alpine-openssh-client-v3,build_failed,ruby:3.3-alpine,openssh-client
img-memcached-alpine-openssh-client-v3,build_failed,memcached:alpine,openssh-client
img-traefik-latest-ca-certificates-v3,build_failed,traefik:latest,ca-certificates
img-haproxy-alpine-openssh-client-v3,build_failed,haproxy:alpine,openssh-client
img-caddy-alpine-openssh-client-v3,build_failed,caddy:alpine,openssh-client
img-alpine-3.18-ca-certificates-v3,build_failed,alpine:3.18,ca-certificates
img-alpine-latest-ca-certificates-v3,build_failed,alpine:latest,ca-certificates
img-busybox-musl-ca-certificates-v3,build_failed,busybox:musl,ca-certificates
img-busybox-glibc-ca-certificates-v3,build_failed,busybox:glibc,ca-certificates
img-debian-bookworm-slim-openssl-v3,build_failed,debian:bookworm-slim,openssl
img-debian-bullseye-slim-openssl-v3,build_failed,debian:bullseye-slim,openssl
img-python-3.12-alpine-ca-certificates-v3,build_failed,python:3.12-alpine,ca-certificates
img-golang-1.21-alpine-ca-certificates-v3,build_failed,golang:1.21-alpine,ca-certificates
img-redis-alpine-ca-certificates-v3,build_failed,redis:alpine,ca-certificates
img-postgres-alpine-ca-certificates-v3,build_failed,postgres:alpine,ca-certificates
img-memcached-alpine-ca-certificates-v3,build_failed,memcached:alpine,ca-certificates
img-haproxy-alpine-ca-certificates-v3,build_failed,haproxy:alpine,ca-certificates
img-httpd-alpine-ca-certificates-v3,build_failed,httpd:alpine,ca-certificates
img-busybox-latest-openssl-v3,push_copy_failed,busybox:latest,openssl
img-debian-bookworm-slim-netcat-openbsd-v3,build_failed,debian:bookworm-slim,netcat-openbsd
img-debian-bullseye-slim-netcat-openbsd-v3,build_timeout,debian:bullseye-slim,netcat-openbsd
img-ubuntu-22.04-netcat-openbsd-v3,build_failed,ubuntu:22.04,netcat-openbsd
img-ubuntu-24.04-netcat-openbsd-v3,build_failed,ubuntu:24.04,netcat-openbsd
img-python-3.10-alpine-openssl-v3,build_failed,python:3.10-alpine,openssl
img-python-3.11-alpine-openssl-v3,build_failed,python:3.11-alpine,openssl
img-python-3.12-alpine-openssl-v3,build_failed,python:3.12-alpine,openssl
img-golang-1.22-alpine-openssl-v3,build_failed,golang:1.22-alpine,openssl
img-memcached-alpine-openssl-v3,build_failed,memcached:alpine,openssl
img-traefik-latest-netcat-openbsd-v3,build_failed,traefik:latest,netcat-openbsd
img-haproxy-alpine-openssl-v3,build_failed,haproxy:alpine,openssl
img-httpd-alpine-openssl-v3,build_failed,httpd:alpine,openssl
img-busybox-1.36-netcat-openbsd-v3,build_failed,busybox:1.36,netcat-openbsd
img-busybox-latest-netcat-openbsd-v3,build_failed,busybox:latest,netcat-openbsd
img-debian-bookworm-slim-dnsutils-v3,build_failed,debian:bookworm-slim,dnsutils
img-debian-bullseye-slim-dnsutils-v3,build_timeout,debian:bullseye-slim,dnsutils
img-ubuntu-22.04-dnsutils-v3,build_failed,ubuntu:22.04,dnsutils
img-python-3.10-alpine-netcat-openbsd-v3,build_failed,python:3.10-alpine,netcat-openbsd
img-python-3.11-alpine-netcat-openbsd-v3,build_failed,python:3.11-alpine,netcat-openbsd
img-memcached-alpine-netcat-openbsd-v3,build_failed,memcached:alpine,netcat-openbsd
img-haproxy-alpine-netcat-openbsd-v3,build_failed,haproxy:alpine,netcat-openbsd
img-alpine-3.18-bind-tools-v3,build_failed,alpine:3.18,bind-tools
img-alpine-3.19-bind-tools-v3,build_failed,alpine:3.19,bind-tools
img-alpine-3.20-bind-tools-v3,build_failed,alpine:3.20,bind-tools
img-busybox-latest-bind-tools-v3,push_orig_failed,busybox:latest,bind-tools
img-debian-bookworm-slim-iputils-ping-v3,push_copy_failed,debian:bookworm-slim,iputils-ping
img-debian-bullseye-slim-iputils-ping-v3,build_failed,debian:bullseye-slim,iputils-ping
img-ubuntu-24.04-iputils-ping-v3,build_failed,ubuntu:24.04,iputils-ping
img-python-3.10-alpine-bind-tools-v3,build_failed,python:3.10-alpine,bind-tools
img-python-3.11-alpine-bind-tools-v3,push_orig_failed,python:3.11-alpine,bind-tools
img-python-3.12-alpine-bind-tools-v3,build_failed,python:3.12-alpine,bind-tools
img-golang-1.21-alpine-bind-tools-v3,build_failed,golang:1.21-alpine,bind-tools
img-golang-1.22-alpine-bind-tools-v3,build_failed,golang:1.22-alpine,bind-tools
img-rust-alpine-bind-tools-v3,build_failed,rust:alpine,bind-tools
img-redis-alpine-bind-tools-v3,build_failed,redis:alpine,bind-tools
img-nginx-alpine-bind-tools-v3,push_orig_failed,nginx:alpine,bind-tools
img-postgres-alpine-bind-tools-v3,build_failed,postgres:alpine,bind-tools
img-memcached-alpine-bind-tools-v3,build_failed,memcached:alpine,bind-tools
img-traefik-latest-iputils-ping-v3,build_failed,traefik:latest,iputils-ping
img-haproxy-alpine-bind-tools-v3,build_failed,haproxy:alpine,bind-tools
img-caddy-alpine-bind-tools-v3,build_failed,caddy:alpine,bind-tools
img-alpine-3.18-iputils-v3,build_failed,alpine:3.18,iputils
img-alpine-3.20-iputils-v3,push_orig_failed,alpine:3.20,iputils
img-alpine-latest-iputils-v3,build_failed,alpine:latest,iputils
img-busybox-1.36-iputils-v3,build_failed,busybox:1.36,iputils
img-busybox-latest-iputils-v3,build_failed,busybox:latest,iputils
img-debian-bookworm-slim-tcpdump-v3,build_failed,debian:bookworm-slim,tcpdump
img-debian-bullseye-slim-tcpdump-v3,build_failed,debian:bullseye-slim,tcpdump
img-ubuntu-24.04-tcpdump-v3,build_failed,ubuntu:24.04,tcpdump
img-ruby-3.2-alpine-iputils-v3,build_failed,ruby:3.2-alpine,iputils
img-nginx-alpine-iputils-v3,build_failed,nginx:alpine,iputils
img-postgres-alpine-iputils-v3,build_failed,postgres:alpine,iputils
img-memcached-alpine-iputils-v3,build_failed,memcached:alpine,iputils
img-haproxy-alpine-iputils-v3,build_failed,haproxy:alpine,iputils
img-caddy-alpine-iputils-v3,build_failed,caddy:alpine,iputils
img-alpine-3.19-tcpdump-v3,push_orig_failed,alpine:3.19,tcpdump
img-alpine-3.20-tcpdump-v3,build_failed,alpine:3.20,tcpdump
img-debian-bullseye-slim-strace-v3,build_timeout,debian:bullseye-slim,strace
img-ubuntu-24.04-strace-v3,build_failed,ubuntu:24.04,strace
img-python-3.11-alpine-tcpdump-v3,build_failed,python:3.11-alpine,tcpdump
img-node-22-alpine-tcpdump-v3,build_failed,node:22-alpine,tcpdump
img-redis-alpine-tcpdump-v3,push_orig_failed,redis:alpine,tcpdump
img-nginx-alpine-tcpdump-v3,build_failed,nginx:alpine,tcpdump
img-memcached-alpine-tcpdump-v3,build_failed,memcached:alpine,tcpdump
img-haproxy-alpine-tcpdump-v3,build_failed,haproxy:alpine,tcpdump
img-caddy-alpine-tcpdump-v3,build_failed,caddy:alpine,tcpdump
img-alpine-3.18-strace-v3,build_failed,alpine:3.18,strace
img-alpine-3.19-strace-v3,build_failed,alpine:3.19,strace
img-alpine-3.20-strace-v3,build_failed,alpine:3.20,strace
img-busybox-1.36-strace-v3,build_failed,busybox:1.36,strace
img-busybox-musl-strace-v3,build_failed,busybox:musl,strace
img-debian-bullseye-slim-htop-v3,build_timeout,debian:bullseye-slim,htop
img-ruby-3.3-alpine-strace-v3,build_failed,ruby:3.3-alpine,strace
img-memcached-alpine-strace-v3,build_failed,memcached:alpine,strace
img-haproxy-alpine-strace-v3,build_failed,haproxy:alpine,strace
img-caddy-alpine-strace-v3,build_failed,caddy:alpine,strace
img-debian-bullseye-slim-vim-v3,build_timeout,debian:bullseye-slim,vim
img-ubuntu-22.04-vim-v3,build_failed,ubuntu:22.04,vim
img-python-3.10-alpine-htop-v3,build_failed,python:3.10-alpine,htop
img-python-3.12-alpine-htop-v3,build_failed,python:3.12-alpine,htop
img-postgres-alpine-htop-v3,build_failed,postgres:alpine,htop
img-memcached-alpine-htop-v3,build_failed,memcached:alpine,htop
img-haproxy-alpine-htop-v3,build_failed,haproxy:alpine,htop
img-alpine-3.19-vim-v3,build_failed,alpine:3.19,vim
img-debian-bullseye-slim-nano-v3,build_timeout,debian:bullseye-slim,nano
img-ruby-3.2-alpine-vim-v3,push_orig_failed,ruby:3.2-alpine,vim
img-ruby-3.3-alpine-vim-v3,build_failed,ruby:3.3-alpine,vim
img-rust-alpine-vim-v3,build_failed,rust:alpine,vim
img-redis-alpine-vim-v3,build_failed,redis:alpine,vim
img-memcached-alpine-vim-v3,build_failed,memcached:alpine,vim
img-haproxy-alpine-vim-v3,build_failed,haproxy:alpine,vim
img-alpine-3.18-nano-v3,build_failed,alpine:3.18,nano
img-debian-bookworm-slim-less-v3,build_failed,debian:bookworm-slim,less
img-debian-bullseye-slim-less-v3,build_timeout,debian:bullseye-slim,less
img-ubuntu-24.04-less-v3,build_failed,ubuntu:24.04,less
img-python-3.11-alpine-nano-v3,build_failed,python:3.11-alpine,nano
img-rust-alpine-nano-v3,build_failed,rust:alpine,nano
img-postgres-alpine-nano-v3,build_failed,postgres:alpine,nano
img-memcached-alpine-nano-v3,build_failed,memcached:alpine,nano
img-traefik-latest-less-v3,build_failed,traefik:latest,less
img-haproxy-alpine-nano-v3,build_failed,haproxy:alpine,nano
img-alpine-latest-less-v3,build_failed,alpine:latest,less
img-debian-bookworm-slim-tree-v3,build_failed,debian:bookworm-slim,tree
img-debian-bullseye-slim-tree-v3,build_timeout,debian:bullseye-slim,tree
img-rust-alpine-less-v3,build_failed,rust:alpine,less
img-nginx-alpine-less-v3,build_failed,nginx:alpine,less
img-memcached-alpine-less-v3,build_failed,memcached:alpine,less
img-haproxy-alpine-less-v3,build_failed,haproxy:alpine,less
img-busybox-latest-tree-v3,push_copy_failed,busybox:latest,tree
img-debian-bullseye-slim-file-v3,build_timeout,debian:bullseye-slim,file
img-ubuntu-24.04-file-v3,build_failed,ubuntu:24.04,file
img-golang-1.22-alpine-tree-v3,push_orig_failed,golang:1.22-alpine,tree
img-node-20-alpine-tree-v3,build_failed,node:20-alpine,tree
img-memcached-alpine-tree-v3,build_failed,memcached:alpine,tree
img-haproxy-alpine-tree-v3,build_failed,haproxy:alpine,tree
img-busybox-1.36-file-v3,build_failed,busybox:1.36,file
img-busybox-musl-file-v3,build_failed,busybox:musl,file
img-debian-bookworm-slim-gzip-v3,build_failed,debian:bookworm-slim,gzip
img-debian-bullseye-slim-gzip-v3,build_failed,debian:bullseye-slim,gzip
img-python-3.10-alpine-file-v3,build_failed,python:3.10-alpine,file
img-node-20-alpine-file-v3,build_failed,node:20-alpine,file
img-postgres-alpine-file-v3,push_orig_failed,postgres:alpine,file
img-memcached-alpine-file-v3,build_failed,memcached:alpine,file
img-haproxy-alpine-file-v3,build_failed,haproxy:alpine,file
img-caddy-alpine-file-v3,build_failed,caddy:alpine,file
img-debian-bullseye-slim-tar-v3,build_timeout,debian:bullseye-slim,tar
img-ubuntu-22.04-tar-v3,build_failed,ubuntu:22.04,tar
img-python-3.12-alpine-gzip-v3,build_failed,python:3.12-alpine,gzip
img-memcached-alpine-gzip-v3,build_failed,memcached:alpine,gzip
img-haproxy-alpine-gzip-v3,build_failed,haproxy:alpine,gzip
img-alpine-3.20-tar-v3,build_failed,alpine:3.20,tar
img-busybox-1.36-tar-v3,build_failed,busybox:1.36,tar
img-debian-bullseye-slim-unzip-v3,build_timeout,debian:bullseye-slim,unzip
img-memcached-alpine-tar-v3,build_failed,memcached:alpine,tar
img-haproxy-alpine-tar-v3,build_failed,haproxy:alpine,tar
img-busybox-glibc-unzip-v3,build_failed,busybox:glibc,unzip
img-debian-bookworm-slim-zip-v3,build_failed,debian:bookworm-slim,zip
img-debian-bullseye-slim-zip-v3,build_timeout,debian:bullseye-slim,zip
img-rust-alpine-unzip-v3,build_failed,rust:alpine,unzip
img-memcached-alpine-unzip-v3,build_failed,memcached:alpine,unzip
img-haproxy-alpine-unzip-v3,build_failed,haproxy:alpine,unzip
img-debian-bullseye-slim-make-v3,build_timeout,debian:bullseye-slim,make
img-ubuntu-24.04-make-v3,build_failed,ubuntu:24.04,make
img-nginx-alpine-zip-v3,build_failed,nginx:alpine,zip
img-memcached-alpine-zip-v3,build_failed,memcached:alpine,zip
img-traefik-latest-make-v3,build_failed,traefik:latest,make
img-haproxy-alpine-zip-v3,build_failed,haproxy:alpine,zip
img-httpd-alpine-zip-v3,build_failed,httpd:alpine,zip
img-caddy-alpine-zip-v3,build_failed,caddy:alpine,zip
img-alpine-3.18-make-v3,build_failed,alpine:3.18,make
img-alpine-3.19-make-v3,build_failed,alpine:3.19,make
img-debian-bookworm-slim-gcc-v3,build_failed,debian:bookworm-slim,gcc
img-debian-bullseye-slim-gcc-v3,build_timeout,debian:bullseye-slim,gcc
img-ubuntu-24.04-gcc-v3,build_failed,ubuntu:24.04,gcc
img-golang-1.21-alpine-make-v3,push_orig_failed,golang:1.21-alpine,make
img-golang-1.22-alpine-make-v3,build_failed,golang:1.22-alpine,make
img-node-20-alpine-make-v3,push_copy_failed,node:20-alpine,make
img-memcached-alpine-make-v3,build_failed,memcached:alpine,make
img-haproxy-alpine-make-v3,build_failed,haproxy:alpine,make
img-httpd-alpine-make-v3,build_failed,httpd:alpine,make
img-debian-bookworm-slim-curl-v3,push_copy_failed,debian:bookworm-slim,curl
img-debian-bullseye-slim-curl-v3,build_timeout,debian:bullseye-slim,curl
img-ubuntu-22.04-curl-v3,build_failed,ubuntu:22.04,curl
img-ubuntu-24.04-curl-v3,build_failed,ubuntu:24.04,curl
img-python-3.10-alpine-gcc-v3,build_failed,python:3.10-alpine,gcc
img-golang-1.21-alpine-gcc-v3,push_copy_failed,golang:1.21-alpine,gcc
img-memcached-alpine-gcc-v3,build_failed,memcached:alpine,gcc
img-haproxy-alpine-gcc-v3,build_failed,haproxy:alpine,gcc
img-alpine-3.18-musl-dev-v3,build_failed,alpine:3.18,musl-dev
img-alpine-3.19-musl-dev-v3,build_failed,alpine:3.19,musl-dev
img-debian-bullseye-slim-wget-v3,build_timeout,debian:bullseye-slim,wget
img-ubuntu-22.04-wget-v3,build_failed,ubuntu:22.04,wget
img-python-3.10-alpine-musl-dev-v3,build_failed,python:3.10-alpine,musl-dev
img-rust-alpine-musl-dev-v3,build_failed,rust:alpine,musl-dev
img-memcached-alpine-musl-dev-v3,build_failed,memcached:alpine,musl-dev
img-haproxy-alpine-musl-dev-v3,build_failed,haproxy:alpine,musl-dev
img-debian-bullseye-slim-jq-v3,build_timeout,debian:bullseye-slim,jq
img-ubuntu-22.04-jq-v3,build_failed,ubuntu:22.04,jq
img-ubuntu-24.04-jq-v3,build_failed,ubuntu:24.04,jq
